
	Managed S3 bucket: aws-sam-cli-managed-default-samclisourcebucket-tm92uk9hgjl7
	Auto resolution of buckets can be turned off by setting resolve_s3=False
	To use a specific S3 bucket, set --s3-bucket=<bucket_name>
	Above settings can be stored in samconfig.toml

	File with same data already exists at reaper/d43d8cf56fcbd91ad6d628c710fca833, skipping upload

	File with same data already exists at reaper/85e338e2e187729a5cb3d8ec4e7f9d7e, skipping upload

	File with same data already exists at reaper/619ba3668ae1eb2bdda1e9120137c8f5, skipping upload

	Deploying with following values
	===============================
	Stack name                   : reaper
	Region                       : us-east-1
	Confirm changeset            : False
	Disable rollback             : True
	Deployment s3 bucket         : aws-sam-cli-managed-default-samclisourcebucket-tm92uk9hgjl7
	Capabilities                 : ["CAPABILITY_IAM"]
	Parameter overrides          : {}
	Signing Profiles             : {}

Initiating deployment
=====================


	File with same data already exists at reaper/e25f179fb56cdb25bb374a709e2bd123.template, skipping upload


Waiting for changeset to be created..

Error: No changes to deploy. Stack reaper is up to date
